Using Spark's default log4j profile: org/apache/spark/log4j-defaults.properties
16/07/06 08:33:24 INFO SparkContext: Running Spark version 1.6.2
16/07/06 08:33:25 WARN NativeCodeLoader: Unable to load native-hadoop library for your platform... using builtin-java classes where applicable
16/07/06 08:33:25 WARN Utils: Your hostname, debian resolves to a loopback address: 127.0.1.1; using 192.168.0.102 instead (on interface wlan0)
16/07/06 08:33:25 WARN Utils: Set SPARK_LOCAL_IP if you need to bind to another address
16/07/06 08:33:25 INFO SecurityManager: Changing view acls to: emdeha
16/07/06 08:33:25 INFO SecurityManager: Changing modify acls to: emdeha
16/07/06 08:33:25 INFO SecurityManager: SecurityManager: authentication disabled; ui acls disabled; users with view permissions: Set(emdeha); users with modify permissions: Set(emdeha)
16/07/06 08:33:25 INFO Utils: Successfully started service 'sparkDriver' on port 43764.
16/07/06 08:33:26 INFO Slf4jLogger: Slf4jLogger started
16/07/06 08:33:26 INFO Remoting: Starting remoting
16/07/06 08:33:26 INFO Remoting: Remoting started; listening on addresses :[akka.tcp://sparkDriverActorSystem@192.168.0.102:57261]
16/07/06 08:33:26 INFO Utils: Successfully started service 'sparkDriverActorSystem' on port 57261.
16/07/06 08:33:26 INFO SparkEnv: Registering MapOutputTracker
16/07/06 08:33:26 INFO SparkEnv: Registering BlockManagerMaster
16/07/06 08:33:26 INFO DiskBlockManager: Created local directory at /tmp/blockmgr-73e9052e-7a1c-4255-bf0a-fe8ef01d2403
16/07/06 08:33:26 INFO MemoryStore: MemoryStore started with capacity 511.1 MB
16/07/06 08:33:26 INFO SparkEnv: Registering OutputCommitCoordinator
16/07/06 08:33:26 INFO Utils: Successfully started service 'SparkUI' on port 4040.
16/07/06 08:33:26 INFO SparkUI: Started SparkUI at http://192.168.0.102:4040
16/07/06 08:33:26 INFO HttpFileServer: HTTP File server directory is /tmp/spark-181aae0e-d545-4069-838b-bca3d1833d39/httpd-4f6d1940-be24-426e-852a-587f5874ffb5
16/07/06 08:33:26 INFO HttpServer: Starting HTTP Server
16/07/06 08:33:26 INFO Utils: Successfully started service 'HTTP file server' on port 48751.
16/07/06 08:33:26 INFO SparkContext: Added JAR file:/home/emdeha/projects/learning-code/spark/text-proc/target/scala-2.10/textproc-project_2.10-1.0.jar at http://192.168.0.102:48751/jars/textproc-project_2.10-1.0.jar with timestamp 1467783206546
16/07/06 08:33:26 INFO Executor: Starting executor ID driver on host localhost
16/07/06 08:33:26 INFO Utils: Successfully started service 'org.apache.spark.network.netty.NettyBlockTransferService' on port 48451.
16/07/06 08:33:26 INFO NettyBlockTransferService: Server created on 48451
16/07/06 08:33:26 INFO BlockManagerMaster: Trying to register BlockManager
16/07/06 08:33:26 INFO BlockManagerMasterEndpoint: Registering block manager localhost:48451 with 511.1 MB RAM, BlockManagerId(driver, localhost, 48451)
16/07/06 08:33:26 INFO BlockManagerMaster: Registered BlockManager
16/07/06 08:33:27 INFO ReceiverTracker: Starting 1 receivers
16/07/06 08:33:27 INFO ReceiverTracker: ReceiverTracker started
16/07/06 08:33:27 INFO ForEachDStream: metadataCleanupDelay = -1
16/07/06 08:33:27 INFO MappedDStream: metadataCleanupDelay = -1
16/07/06 08:33:27 INFO FilteredDStream: metadataCleanupDelay = -1
16/07/06 08:33:27 INFO MappedDStream: metadataCleanupDelay = -1
16/07/06 08:33:27 INFO FlatMappedDStream: metadataCleanupDelay = -1
16/07/06 08:33:27 INFO SocketInputDStream: metadataCleanupDelay = -1
16/07/06 08:33:27 INFO SocketInputDStream: Slide time = 10000 ms
16/07/06 08:33:27 INFO SocketInputDStream: Storage level = StorageLevel(false, false, false, false, 1)
16/07/06 08:33:27 INFO SocketInputDStream: Checkpoint interval = null
16/07/06 08:33:27 INFO SocketInputDStream: Remember duration = 10000 ms
16/07/06 08:33:27 INFO SocketInputDStream: Initialized and validated org.apache.spark.streaming.dstream.SocketInputDStream@3f24891b
16/07/06 08:33:27 INFO FlatMappedDStream: Slide time = 10000 ms
16/07/06 08:33:27 INFO FlatMappedDStream: Storage level = StorageLevel(false, false, false, false, 1)
16/07/06 08:33:27 INFO FlatMappedDStream: Checkpoint interval = null
16/07/06 08:33:27 INFO FlatMappedDStream: Remember duration = 10000 ms
16/07/06 08:33:27 INFO FlatMappedDStream: Initialized and validated org.apache.spark.streaming.dstream.FlatMappedDStream@20f16d52
16/07/06 08:33:27 INFO MappedDStream: Slide time = 10000 ms
16/07/06 08:33:27 INFO MappedDStream: Storage level = StorageLevel(false, false, false, false, 1)
16/07/06 08:33:27 INFO MappedDStream: Checkpoint interval = null
16/07/06 08:33:27 INFO MappedDStream: Remember duration = 10000 ms
16/07/06 08:33:27 INFO MappedDStream: Initialized and validated org.apache.spark.streaming.dstream.MappedDStream@4d0326ff
16/07/06 08:33:27 INFO FilteredDStream: Slide time = 10000 ms
16/07/06 08:33:27 INFO FilteredDStream: Storage level = StorageLevel(false, false, false, false, 1)
16/07/06 08:33:27 INFO FilteredDStream: Checkpoint interval = null
16/07/06 08:33:27 INFO FilteredDStream: Remember duration = 10000 ms
16/07/06 08:33:27 INFO FilteredDStream: Initialized and validated org.apache.spark.streaming.dstream.FilteredDStream@29001730
16/07/06 08:33:27 INFO MappedDStream: Slide time = 10000 ms
16/07/06 08:33:27 INFO MappedDStream: Storage level = StorageLevel(false, false, false, false, 1)
16/07/06 08:33:27 INFO MappedDStream: Checkpoint interval = null
16/07/06 08:33:27 INFO MappedDStream: Remember duration = 10000 ms
16/07/06 08:33:27 INFO MappedDStream: Initialized and validated org.apache.spark.streaming.dstream.MappedDStream@32f72f5a
16/07/06 08:33:27 INFO ForEachDStream: Slide time = 10000 ms
16/07/06 08:33:27 INFO ForEachDStream: Storage level = StorageLevel(false, false, false, false, 1)
16/07/06 08:33:27 INFO ForEachDStream: Checkpoint interval = null
16/07/06 08:33:27 INFO ForEachDStream: Remember duration = 10000 ms
16/07/06 08:33:27 INFO ForEachDStream: Initialized and validated org.apache.spark.streaming.dstream.ForEachDStream@19475fab
16/07/06 08:33:27 INFO RecurringTimer: Started timer for JobGenerator at time 1467783210000
16/07/06 08:33:27 INFO JobGenerator: Started JobGenerator at 1467783210000 ms
16/07/06 08:33:27 INFO JobScheduler: Started JobScheduler
16/07/06 08:33:27 INFO StreamingContext: StreamingContext started
16/07/06 08:33:27 INFO ReceiverTracker: Receiver 0 started
16/07/06 08:33:27 INFO DAGScheduler: Got job 0 (start at TextProcApp.scala:33) with 1 output partitions
16/07/06 08:33:27 INFO DAGScheduler: Final stage: ResultStage 0 (start at TextProcApp.scala:33)
16/07/06 08:33:27 INFO DAGScheduler: Parents of final stage: List()
16/07/06 08:33:27 INFO DAGScheduler: Missing parents: List()
16/07/06 08:33:27 INFO DAGScheduler: Submitting ResultStage 0 (Receiver 0 ParallelCollectionRDD[0] at makeRDD at ReceiverTracker.scala:588), which has no missing parents
16/07/06 08:33:27 INFO MemoryStore: Block broadcast_0 stored as values in memory (estimated size 45.4 KB, free 45.4 KB)
16/07/06 08:33:27 INFO MemoryStore: Block broadcast_0_piece0 stored as bytes in memory (estimated size 14.9 KB, free 60.3 KB)
16/07/06 08:33:27 INFO BlockManagerInfo: Added broadcast_0_piece0 in memory on localhost:48451 (size: 14.9 KB, free: 511.1 MB)
16/07/06 08:33:27 INFO SparkContext: Created broadcast 0 from broadcast at DAGScheduler.scala:1006
16/07/06 08:33:27 INFO DAGScheduler: Submitting 1 missing tasks from ResultStage 0 (Receiver 0 ParallelCollectionRDD[0] at makeRDD at ReceiverTracker.scala:588)
16/07/06 08:33:27 INFO TaskSchedulerImpl: Adding task set 0.0 with 1 tasks
16/07/06 08:33:27 INFO TaskSetManager: Starting task 0.0 in stage 0.0 (TID 0, localhost, partition 0,PROCESS_LOCAL, 2708 bytes)
16/07/06 08:33:27 INFO Executor: Running task 0.0 in stage 0.0 (TID 0)
16/07/06 08:33:27 INFO Executor: Fetching http://192.168.0.102:48751/jars/textproc-project_2.10-1.0.jar with timestamp 1467783206546
16/07/06 08:33:27 INFO Utils: Fetching http://192.168.0.102:48751/jars/textproc-project_2.10-1.0.jar to /tmp/spark-181aae0e-d545-4069-838b-bca3d1833d39/userFiles-116b6101-5ff1-406c-a290-636aa36d29ec/fetchFileTemp1388998508061409271.tmp
16/07/06 08:33:27 INFO Executor: Adding file:/tmp/spark-181aae0e-d545-4069-838b-bca3d1833d39/userFiles-116b6101-5ff1-406c-a290-636aa36d29ec/textproc-project_2.10-1.0.jar to class loader
16/07/06 08:33:27 INFO RecurringTimer: Started timer for BlockGenerator at time 1467783207800
16/07/06 08:33:27 INFO BlockGenerator: Started BlockGenerator
16/07/06 08:33:27 INFO BlockGenerator: Started block pushing thread
16/07/06 08:33:27 INFO ReceiverTracker: Registered receiver for stream 0 from 192.168.0.102:43764
16/07/06 08:33:27 INFO ReceiverSupervisorImpl: Starting receiver
16/07/06 08:33:27 INFO ReceiverSupervisorImpl: Called receiver onStart
16/07/06 08:33:27 INFO ReceiverSupervisorImpl: Waiting for receiver to be stopped
16/07/06 08:33:27 INFO SocketReceiver: Connecting to localhost:1337
16/07/06 08:33:27 WARN ReceiverSupervisorImpl: Restarting receiver with delay 2000 ms: Error connecting to localhost:1337
java.net.ConnectException: Connection refused
	at java.net.PlainSocketImpl.socketConnect(Native Method)
	at java.net.AbstractPlainSocketImpl.doConnect(AbstractPlainSocketImpl.java:350)
	at java.net.AbstractPlainSocketImpl.connectToAddress(AbstractPlainSocketImpl.java:206)
	at java.net.AbstractPlainSocketImpl.connect(AbstractPlainSocketImpl.java:188)
	at java.net.SocksSocketImpl.connect(SocksSocketImpl.java:392)
	at java.net.Socket.connect(Socket.java:589)
	at java.net.Socket.connect(Socket.java:538)
	at java.net.Socket.<init>(Socket.java:434)
	at java.net.Socket.<init>(Socket.java:211)
	at org.apache.spark.streaming.dstream.SocketReceiver.receive(SocketInputDStream.scala:73)
	at org.apache.spark.streaming.dstream.SocketReceiver$$anon$2.run(SocketInputDStream.scala:59)
16/07/06 08:33:27 INFO ReceiverSupervisorImpl: Stopping receiver with message: Restarting receiver with delay 2000ms: Error connecting to localhost:1337: java.net.ConnectException: Connection refused
16/07/06 08:33:27 INFO ReceiverSupervisorImpl: Called receiver onStop
16/07/06 08:33:27 INFO ReceiverSupervisorImpl: Deregistering receiver 0
16/07/06 08:33:27 ERROR ReceiverTracker: Deregistered receiver for stream 0: Restarting receiver with delay 2000ms: Error connecting to localhost:1337 - java.net.ConnectException: Connection refused
	at java.net.PlainSocketImpl.socketConnect(Native Method)
	at java.net.AbstractPlainSocketImpl.doConnect(AbstractPlainSocketImpl.java:350)
	at java.net.AbstractPlainSocketImpl.connectToAddress(AbstractPlainSocketImpl.java:206)
	at java.net.AbstractPlainSocketImpl.connect(AbstractPlainSocketImpl.java:188)
	at java.net.SocksSocketImpl.connect(SocksSocketImpl.java:392)
	at java.net.Socket.connect(Socket.java:589)
	at java.net.Socket.connect(Socket.java:538)
	at java.net.Socket.<init>(Socket.java:434)
	at java.net.Socket.<init>(Socket.java:211)
	at org.apache.spark.streaming.dstream.SocketReceiver.receive(SocketInputDStream.scala:73)
	at org.apache.spark.streaming.dstream.SocketReceiver$$anon$2.run(SocketInputDStream.scala:59)

16/07/06 08:33:27 INFO ReceiverSupervisorImpl: Stopped receiver 0
16/07/06 08:33:29 INFO ReceiverSupervisorImpl: Starting receiver again
16/07/06 08:33:29 INFO ReceiverTracker: Registered receiver for stream 0 from 192.168.0.102:43764
16/07/06 08:33:29 INFO ReceiverSupervisorImpl: Starting receiver
16/07/06 08:33:29 INFO ReceiverSupervisorImpl: Called receiver onStart
16/07/06 08:33:29 INFO SocketReceiver: Connecting to localhost:1337
16/07/06 08:33:29 INFO ReceiverSupervisorImpl: Receiver started again
16/07/06 08:33:29 WARN ReceiverSupervisorImpl: Restarting receiver with delay 2000 ms: Error connecting to localhost:1337
java.net.ConnectException: Connection refused
	at java.net.PlainSocketImpl.socketConnect(Native Method)
	at java.net.AbstractPlainSocketImpl.doConnect(AbstractPlainSocketImpl.java:350)
	at java.net.AbstractPlainSocketImpl.connectToAddress(AbstractPlainSocketImpl.java:206)
	at java.net.AbstractPlainSocketImpl.connect(AbstractPlainSocketImpl.java:188)
	at java.net.SocksSocketImpl.connect(SocksSocketImpl.java:392)
	at java.net.Socket.connect(Socket.java:589)
	at java.net.Socket.connect(Socket.java:538)
	at java.net.Socket.<init>(Socket.java:434)
	at java.net.Socket.<init>(Socket.java:211)
	at org.apache.spark.streaming.dstream.SocketReceiver.receive(SocketInputDStream.scala:73)
	at org.apache.spark.streaming.dstream.SocketReceiver$$anon$2.run(SocketInputDStream.scala:59)
16/07/06 08:33:29 INFO ReceiverSupervisorImpl: Stopping receiver with message: Restarting receiver with delay 2000ms: Error connecting to localhost:1337: java.net.ConnectException: Connection refused
16/07/06 08:33:29 INFO ReceiverSupervisorImpl: Called receiver onStop
16/07/06 08:33:29 INFO ReceiverSupervisorImpl: Deregistering receiver 0
16/07/06 08:33:29 ERROR ReceiverTracker: Deregistered receiver for stream 0: Restarting receiver with delay 2000ms: Error connecting to localhost:1337 - java.net.ConnectException: Connection refused
	at java.net.PlainSocketImpl.socketConnect(Native Method)
	at java.net.AbstractPlainSocketImpl.doConnect(AbstractPlainSocketImpl.java:350)
	at java.net.AbstractPlainSocketImpl.connectToAddress(AbstractPlainSocketImpl.java:206)
	at java.net.AbstractPlainSocketImpl.connect(AbstractPlainSocketImpl.java:188)
	at java.net.SocksSocketImpl.connect(SocksSocketImpl.java:392)
	at java.net.Socket.connect(Socket.java:589)
	at java.net.Socket.connect(Socket.java:538)
	at java.net.Socket.<init>(Socket.java:434)
	at java.net.Socket.<init>(Socket.java:211)
	at org.apache.spark.streaming.dstream.SocketReceiver.receive(SocketInputDStream.scala:73)
	at org.apache.spark.streaming.dstream.SocketReceiver$$anon$2.run(SocketInputDStream.scala:59)

16/07/06 08:33:29 INFO ReceiverSupervisorImpl: Stopped receiver 0
16/07/06 08:33:30 INFO JobScheduler: Added jobs for time 1467783210000 ms
16/07/06 08:33:30 INFO JobScheduler: Starting job streaming job 1467783210000 ms.0 from job set of time 1467783210000 ms
16/07/06 08:33:31 INFO JobScheduler: Finished job streaming job 1467783210000 ms.0 from job set of time 1467783210000 ms
16/07/06 08:33:31 INFO JobScheduler: Total delay: 1.274 s for time 1467783210000 ms (execution: 1.183 s)
16/07/06 08:33:31 INFO ReceivedBlockTracker: Deleting batches ArrayBuffer()
16/07/06 08:33:31 INFO InputInfoTracker: remove old batch metadata: 
16/07/06 08:33:31 INFO ReceiverSupervisorImpl: Starting receiver again
16/07/06 08:33:31 INFO ReceiverTracker: Registered receiver for stream 0 from 192.168.0.102:43764
16/07/06 08:33:31 INFO ReceiverSupervisorImpl: Starting receiver
16/07/06 08:33:31 INFO ReceiverSupervisorImpl: Called receiver onStart
16/07/06 08:33:31 INFO ReceiverSupervisorImpl: Receiver started again
16/07/06 08:33:31 INFO SocketReceiver: Connecting to localhost:1337
16/07/06 08:33:31 WARN ReceiverSupervisorImpl: Restarting receiver with delay 2000 ms: Error connecting to localhost:1337
java.net.ConnectException: Connection refused
	at java.net.PlainSocketImpl.socketConnect(Native Method)
	at java.net.AbstractPlainSocketImpl.doConnect(AbstractPlainSocketImpl.java:350)
	at java.net.AbstractPlainSocketImpl.connectToAddress(AbstractPlainSocketImpl.java:206)
	at java.net.AbstractPlainSocketImpl.connect(AbstractPlainSocketImpl.java:188)
	at java.net.SocksSocketImpl.connect(SocksSocketImpl.java:392)
	at java.net.Socket.connect(Socket.java:589)
	at java.net.Socket.connect(Socket.java:538)
	at java.net.Socket.<init>(Socket.java:434)
	at java.net.Socket.<init>(Socket.java:211)
	at org.apache.spark.streaming.dstream.SocketReceiver.receive(SocketInputDStream.scala:73)
	at org.apache.spark.streaming.dstream.SocketReceiver$$anon$2.run(SocketInputDStream.scala:59)
16/07/06 08:33:31 INFO ReceiverSupervisorImpl: Stopping receiver with message: Restarting receiver with delay 2000ms: Error connecting to localhost:1337: java.net.ConnectException: Connection refused
16/07/06 08:33:31 INFO ReceiverSupervisorImpl: Called receiver onStop
16/07/06 08:33:31 INFO ReceiverSupervisorImpl: Deregistering receiver 0
16/07/06 08:33:31 ERROR ReceiverTracker: Deregistered receiver for stream 0: Restarting receiver with delay 2000ms: Error connecting to localhost:1337 - java.net.ConnectException: Connection refused
	at java.net.PlainSocketImpl.socketConnect(Native Method)
	at java.net.AbstractPlainSocketImpl.doConnect(AbstractPlainSocketImpl.java:350)
	at java.net.AbstractPlainSocketImpl.connectToAddress(AbstractPlainSocketImpl.java:206)
	at java.net.AbstractPlainSocketImpl.connect(AbstractPlainSocketImpl.java:188)
	at java.net.SocksSocketImpl.connect(SocksSocketImpl.java:392)
	at java.net.Socket.connect(Socket.java:589)
	at java.net.Socket.connect(Socket.java:538)
	at java.net.Socket.<init>(Socket.java:434)
	at java.net.Socket.<init>(Socket.java:211)
	at org.apache.spark.streaming.dstream.SocketReceiver.receive(SocketInputDStream.scala:73)
	at org.apache.spark.streaming.dstream.SocketReceiver$$anon$2.run(SocketInputDStream.scala:59)

16/07/06 08:33:31 INFO ReceiverSupervisorImpl: Stopped receiver 0
16/07/06 08:33:33 INFO ReceiverSupervisorImpl: Starting receiver again
16/07/06 08:33:33 INFO ReceiverTracker: Registered receiver for stream 0 from 192.168.0.102:43764
16/07/06 08:33:33 INFO ReceiverSupervisorImpl: Starting receiver
16/07/06 08:33:33 INFO ReceiverSupervisorImpl: Called receiver onStart
16/07/06 08:33:33 INFO ReceiverSupervisorImpl: Receiver started again
16/07/06 08:33:33 INFO SocketReceiver: Connecting to localhost:1337
16/07/06 08:33:33 WARN ReceiverSupervisorImpl: Restarting receiver with delay 2000 ms: Error connecting to localhost:1337
java.net.ConnectException: Connection refused
	at java.net.PlainSocketImpl.socketConnect(Native Method)
	at java.net.AbstractPlainSocketImpl.doConnect(AbstractPlainSocketImpl.java:350)
	at java.net.AbstractPlainSocketImpl.connectToAddress(AbstractPlainSocketImpl.java:206)
	at java.net.AbstractPlainSocketImpl.connect(AbstractPlainSocketImpl.java:188)
	at java.net.SocksSocketImpl.connect(SocksSocketImpl.java:392)
	at java.net.Socket.connect(Socket.java:589)
	at java.net.Socket.connect(Socket.java:538)
	at java.net.Socket.<init>(Socket.java:434)
	at java.net.Socket.<init>(Socket.java:211)
	at org.apache.spark.streaming.dstream.SocketReceiver.receive(SocketInputDStream.scala:73)
	at org.apache.spark.streaming.dstream.SocketReceiver$$anon$2.run(SocketInputDStream.scala:59)
16/07/06 08:33:33 INFO ReceiverSupervisorImpl: Stopping receiver with message: Restarting receiver with delay 2000ms: Error connecting to localhost:1337: java.net.ConnectException: Connection refused
16/07/06 08:33:33 INFO ReceiverSupervisorImpl: Called receiver onStop
16/07/06 08:33:33 INFO ReceiverSupervisorImpl: Deregistering receiver 0
16/07/06 08:33:33 ERROR ReceiverTracker: Deregistered receiver for stream 0: Restarting receiver with delay 2000ms: Error connecting to localhost:1337 - java.net.ConnectException: Connection refused
	at java.net.PlainSocketImpl.socketConnect(Native Method)
	at java.net.AbstractPlainSocketImpl.doConnect(AbstractPlainSocketImpl.java:350)
	at java.net.AbstractPlainSocketImpl.connectToAddress(AbstractPlainSocketImpl.java:206)
	at java.net.AbstractPlainSocketImpl.connect(AbstractPlainSocketImpl.java:188)
	at java.net.SocksSocketImpl.connect(SocksSocketImpl.java:392)
	at java.net.Socket.connect(Socket.java:589)
	at java.net.Socket.connect(Socket.java:538)
	at java.net.Socket.<init>(Socket.java:434)
	at java.net.Socket.<init>(Socket.java:211)
	at org.apache.spark.streaming.dstream.SocketReceiver.receive(SocketInputDStream.scala:73)
	at org.apache.spark.streaming.dstream.SocketReceiver$$anon$2.run(SocketInputDStream.scala:59)

16/07/06 08:33:33 INFO ReceiverSupervisorImpl: Stopped receiver 0
16/07/06 08:33:35 INFO ReceiverSupervisorImpl: Starting receiver again
16/07/06 08:33:35 INFO ReceiverTracker: Registered receiver for stream 0 from 192.168.0.102:43764
16/07/06 08:33:35 INFO ReceiverSupervisorImpl: Starting receiver
16/07/06 08:33:35 INFO ReceiverSupervisorImpl: Called receiver onStart
16/07/06 08:33:35 INFO SocketReceiver: Connecting to localhost:1337
16/07/06 08:33:35 INFO ReceiverSupervisorImpl: Receiver started again
16/07/06 08:33:35 WARN ReceiverSupervisorImpl: Restarting receiver with delay 2000 ms: Error connecting to localhost:1337
java.net.ConnectException: Connection refused
	at java.net.PlainSocketImpl.socketConnect(Native Method)
	at java.net.AbstractPlainSocketImpl.doConnect(AbstractPlainSocketImpl.java:350)
	at java.net.AbstractPlainSocketImpl.connectToAddress(AbstractPlainSocketImpl.java:206)
	at java.net.AbstractPlainSocketImpl.connect(AbstractPlainSocketImpl.java:188)
	at java.net.SocksSocketImpl.connect(SocksSocketImpl.java:392)
	at java.net.Socket.connect(Socket.java:589)
	at java.net.Socket.connect(Socket.java:538)
	at java.net.Socket.<init>(Socket.java:434)
	at java.net.Socket.<init>(Socket.java:211)
	at org.apache.spark.streaming.dstream.SocketReceiver.receive(SocketInputDStream.scala:73)
	at org.apache.spark.streaming.dstream.SocketReceiver$$anon$2.run(SocketInputDStream.scala:59)
16/07/06 08:33:35 INFO ReceiverSupervisorImpl: Stopping receiver with message: Restarting receiver with delay 2000ms: Error connecting to localhost:1337: java.net.ConnectException: Connection refused
16/07/06 08:33:35 INFO ReceiverSupervisorImpl: Called receiver onStop
16/07/06 08:33:35 INFO ReceiverSupervisorImpl: Deregistering receiver 0
16/07/06 08:33:35 ERROR ReceiverTracker: Deregistered receiver for stream 0: Restarting receiver with delay 2000ms: Error connecting to localhost:1337 - java.net.ConnectException: Connection refused
	at java.net.PlainSocketImpl.socketConnect(Native Method)
	at java.net.AbstractPlainSocketImpl.doConnect(AbstractPlainSocketImpl.java:350)
	at java.net.AbstractPlainSocketImpl.connectToAddress(AbstractPlainSocketImpl.java:206)
	at java.net.AbstractPlainSocketImpl.connect(AbstractPlainSocketImpl.java:188)
	at java.net.SocksSocketImpl.connect(SocksSocketImpl.java:392)
	at java.net.Socket.connect(Socket.java:589)
	at java.net.Socket.connect(Socket.java:538)
	at java.net.Socket.<init>(Socket.java:434)
	at java.net.Socket.<init>(Socket.java:211)
	at org.apache.spark.streaming.dstream.SocketReceiver.receive(SocketInputDStream.scala:73)
	at org.apache.spark.streaming.dstream.SocketReceiver$$anon$2.run(SocketInputDStream.scala:59)

16/07/06 08:33:35 INFO ReceiverSupervisorImpl: Stopped receiver 0
16/07/06 08:33:37 INFO ReceiverSupervisorImpl: Starting receiver again
16/07/06 08:33:37 INFO ReceiverTracker: Registered receiver for stream 0 from 192.168.0.102:43764
16/07/06 08:33:37 INFO ReceiverSupervisorImpl: Starting receiver
16/07/06 08:33:37 INFO ReceiverSupervisorImpl: Called receiver onStart
16/07/06 08:33:37 INFO SocketReceiver: Connecting to localhost:1337
16/07/06 08:33:37 INFO ReceiverSupervisorImpl: Receiver started again
16/07/06 08:33:37 INFO SocketReceiver: Connected to localhost:1337
16/07/06 08:33:38 INFO MemoryStore: Block input-0-1467783217800 stored as bytes in memory (estimated size 1486.0 B, free 61.7 KB)
16/07/06 08:33:38 INFO BlockManagerInfo: Added input-0-1467783217800 in memory on localhost:48451 (size: 1486.0 B, free: 511.1 MB)
16/07/06 08:33:38 WARN BlockManager: Block input-0-1467783217800 replicated to only 0 peer(s) instead of 1 peers
16/07/06 08:33:38 INFO BlockGenerator: Pushed block input-0-1467783217800
16/07/06 08:33:40 INFO JobScheduler: Starting job streaming job 1467783220000 ms.0 from job set of time 1467783220000 ms
16/07/06 08:33:40 INFO JobScheduler: Added jobs for time 1467783220000 ms
16/07/06 08:33:40 INFO SparkContext: Starting job: show at TextProcApp.scala:30
16/07/06 08:33:40 INFO DAGScheduler: Got job 1 (show at TextProcApp.scala:30) with 1 output partitions
16/07/06 08:33:40 INFO DAGScheduler: Final stage: ResultStage 1 (show at TextProcApp.scala:30)
16/07/06 08:33:40 INFO DAGScheduler: Parents of final stage: List()
16/07/06 08:33:40 INFO DAGScheduler: Missing parents: List()
16/07/06 08:33:40 INFO DAGScheduler: Submitting ResultStage 1 (MapPartitionsRDD[18] at show at TextProcApp.scala:30), which has no missing parents
16/07/06 08:33:40 INFO MemoryStore: Block broadcast_1 stored as values in memory (estimated size 5.8 KB, free 67.5 KB)
16/07/06 08:33:40 INFO MemoryStore: Block broadcast_1_piece0 stored as bytes in memory (estimated size 3.0 KB, free 70.6 KB)
16/07/06 08:33:40 INFO BlockManagerInfo: Added broadcast_1_piece0 in memory on localhost:48451 (size: 3.0 KB, free: 511.1 MB)
16/07/06 08:33:40 INFO SparkContext: Created broadcast 1 from broadcast at DAGScheduler.scala:1006
16/07/06 08:33:40 INFO DAGScheduler: Submitting 1 missing tasks from ResultStage 1 (MapPartitionsRDD[18] at show at TextProcApp.scala:30)
16/07/06 08:33:40 INFO TaskSchedulerImpl: Adding task set 1.0 with 1 tasks
16/07/06 08:33:40 INFO TaskSetManager: Starting task 0.0 in stage 1.0 (TID 1, localhost, partition 0,NODE_LOCAL, 2088 bytes)
16/07/06 08:33:40 INFO Executor: Running task 0.0 in stage 1.0 (TID 1)
16/07/06 08:33:40 INFO BlockManager: Found block input-0-1467783217800 locally
16/07/06 08:33:40 INFO GenerateUnsafeProjection: Code generated in 136.280068 ms
16/07/06 08:33:40 INFO GenerateSafeProjection: Code generated in 7.697085 ms
16/07/06 08:33:40 INFO Executor: Finished task 0.0 in stage 1.0 (TID 1). 1889 bytes result sent to driver
16/07/06 08:33:40 INFO TaskSetManager: Finished task 0.0 in stage 1.0 (TID 1) in 371 ms on localhost (1/1)
16/07/06 08:33:40 INFO TaskSchedulerImpl: Removed TaskSet 1.0, whose tasks have all completed, from pool 
16/07/06 08:33:40 INFO DAGScheduler: ResultStage 1 (show at TextProcApp.scala:30) finished in 0.376 s
16/07/06 08:33:40 INFO DAGScheduler: Job 1 finished: show at TextProcApp.scala:30, took 0.401273 s
16/07/06 08:33:40 INFO JobScheduler: Finished job streaming job 1467783220000 ms.0 from job set of time 1467783220000 ms
16/07/06 08:33:40 INFO JobScheduler: Total delay: 0.484 s for time 1467783220000 ms (execution: 0.452 s)
16/07/06 08:33:40 INFO MapPartitionsRDD: Removing RDD 5 from persistence list
16/07/06 08:33:40 INFO MapPartitionsRDD: Removing RDD 4 from persistence list
16/07/06 08:33:40 INFO MapPartitionsRDD: Removing RDD 3 from persistence list
16/07/06 08:33:40 INFO MapPartitionsRDD: Removing RDD 2 from persistence list
16/07/06 08:33:40 INFO BlockManager: Removing RDD 5
16/07/06 08:33:40 INFO BlockManager: Removing RDD 4
16/07/06 08:33:40 INFO BlockRDD: Removing RDD 1 from persistence list
16/07/06 08:33:40 INFO BlockManager: Removing RDD 3
16/07/06 08:33:40 INFO SocketInputDStream: Removing blocks of RDD BlockRDD[1] at socketTextStream at TextProcApp.scala:25 of time 1467783220000 ms
16/07/06 08:33:40 INFO ReceivedBlockTracker: Deleting batches ArrayBuffer()
16/07/06 08:33:40 INFO InputInfoTracker: remove old batch metadata: 
16/07/06 08:33:40 INFO BlockManager: Removing RDD 1
16/07/06 08:33:40 INFO BlockManager: Removing RDD 2
16/07/06 08:33:42 WARN ReceiverSupervisorImpl: Restarting receiver with delay 2000 ms: Socket data stream had no more data
16/07/06 08:33:42 INFO ReceiverSupervisorImpl: Stopping receiver with message: Restarting receiver with delay 2000ms: Socket data stream had no more data: 
16/07/06 08:33:42 INFO ReceiverSupervisorImpl: Called receiver onStop
16/07/06 08:33:42 INFO SocketReceiver: Closed socket to localhost:1337
16/07/06 08:33:42 INFO ReceiverSupervisorImpl: Deregistering receiver 0
16/07/06 08:33:42 ERROR ReceiverTracker: Deregistered receiver for stream 0: Restarting receiver with delay 2000ms: Socket data stream had no more data
16/07/06 08:33:42 INFO ReceiverSupervisorImpl: Stopped receiver 0
16/07/06 08:33:44 INFO StreamingContext: Invoking stop(stopGracefully=false) from shutdown hook
16/07/06 08:33:44 INFO ReceiverTracker: Sent stop signal to all 1 receivers
16/07/06 08:33:44 INFO ReceiverSupervisorImpl: Received stop signal
16/07/06 08:33:44 INFO ReceiverSupervisorImpl: Stopping receiver with message: Stopped by driver: 
16/07/06 08:33:44 WARN ReceiverSupervisorImpl: Receiver has been stopped
16/07/06 08:33:44 INFO BlockGenerator: Stopping BlockGenerator
16/07/06 08:33:44 INFO BlockManagerInfo: Removed broadcast_1_piece0 on localhost:48451 in memory (size: 3.0 KB, free: 511.1 MB)
16/07/06 08:33:44 INFO ContextCleaner: Cleaned accumulator 5
16/07/06 08:33:44 INFO ContextCleaner: Cleaned accumulator 4
16/07/06 08:33:44 INFO ContextCleaner: Cleaned accumulator 3
16/07/06 08:33:44 INFO ReceiverSupervisorImpl: Starting receiver again
16/07/06 08:33:44 INFO ReceiverSupervisorImpl: Stopping receiver with message: Registered unsuccessfully because Driver refused to start receiver 0: 
16/07/06 08:33:44 WARN ReceiverSupervisorImpl: Receiver has been stopped
16/07/06 08:33:44 WARN BlockGenerator: Cannot stop BlockGenerator as its not in the Active state [state = StoppedAddingData]
16/07/06 08:33:44 INFO ReceiverSupervisorImpl: Receiver started again
16/07/06 08:33:44 INFO ReceiverSupervisorImpl: Stopped receiver without error
16/07/06 08:33:44 INFO Executor: Finished task 0.0 in stage 0.0 (TID 0). 915 bytes result sent to driver
16/07/06 08:33:44 INFO TaskSetManager: Finished task 0.0 in stage 0.0 (TID 0) in 17404 ms on localhost (1/1)
16/07/06 08:33:44 INFO DAGScheduler: ResultStage 0 (start at TextProcApp.scala:33) finished in 17.412 s
16/07/06 08:33:44 INFO TaskSchedulerImpl: Removed TaskSet 0.0, whose tasks have all completed, from pool 
16/07/06 08:33:44 INFO ReceiverTracker: All of the receivers have deregistered successfully
16/07/06 08:33:44 INFO ReceiverTracker: ReceiverTracker stopped
16/07/06 08:33:44 INFO JobGenerator: Stopping JobGenerator immediately
16/07/06 08:33:44 INFO RecurringTimer: Stopped timer for JobGenerator after time 1467783220000
16/07/06 08:33:44 INFO JobGenerator: Stopped JobGenerator
16/07/06 08:33:44 INFO JobScheduler: Stopped JobScheduler
16/07/06 08:33:44 INFO StreamingContext: StreamingContext stopped successfully
16/07/06 08:33:44 INFO SparkContext: Invoking stop() from shutdown hook
16/07/06 08:33:45 INFO SparkUI: Stopped Spark web UI at http://192.168.0.102:4040
16/07/06 08:33:45 INFO MapOutputTrackerMasterEndpoint: MapOutputTrackerMasterEndpoint stopped!
16/07/06 08:33:45 INFO MemoryStore: MemoryStore cleared
16/07/06 08:33:45 INFO BlockManager: BlockManager stopped
16/07/06 08:33:45 INFO BlockManagerMaster: BlockManagerMaster stopped
16/07/06 08:33:45 INFO OutputCommitCoordinator$OutputCommitCoordinatorEndpoint: OutputCommitCoordinator stopped!
16/07/06 08:33:45 INFO RemoteActorRefProvider$RemotingTerminator: Shutting down remote daemon.
16/07/06 08:33:45 INFO RemoteActorRefProvider$RemotingTerminator: Remote daemon shut down; proceeding with flushing remote transports.
16/07/06 08:33:45 INFO SparkContext: Successfully stopped SparkContext
16/07/06 08:33:45 INFO ShutdownHookManager: Shutdown hook called
16/07/06 08:33:45 INFO ShutdownHookManager: Deleting directory /tmp/spark-181aae0e-d545-4069-838b-bca3d1833d39
16/07/06 08:33:45 INFO ShutdownHookManager: Deleting directory /tmp/spark-181aae0e-d545-4069-838b-bca3d1833d39/httpd-4f6d1940-be24-426e-852a-587f5874ffb5
