D:\BOOKS\NOTES-SUMMARIES\PRAGMATIC-PROGRAMMER-TASKS\DRAW-LANG\DRAWLANG\DRAWLANG\DEBUG\MAIN.OBJ
D:\BOOKS\NOTES-SUMMARIES\PRAGMATIC-PROGRAMMER-TASKS\DRAW-LANG\DRAWLANG\DRAWLANG\DEBUG\VC110.PDB
D:\BOOKS\NOTES-SUMMARIES\PRAGMATIC-PROGRAMMER-TASKS\DRAW-LANG\DRAWLANG\DRAWLANG\DEBUG\PLOTTER.OBJ
D:\BOOKS\NOTES-SUMMARIES\PRAGMATIC-PROGRAMMER-TASKS\DRAW-LANG\DRAWLANG\DRAWLANG\DEBUG\UTILS.OBJ
D:\BOOKS\NOTES-SUMMARIES\PRAGMATIC-PROGRAMMER-TASKS\DRAW-LANG\DRAWLANG\DEBUG\DRAWLANG.ILK
D:\BOOKS\NOTES-SUMMARIES\PRAGMATIC-PROGRAMMER-TASKS\DRAW-LANG\DRAWLANG\DEBUG\DRAWLANG.EXE
D:\BOOKS\NOTES-SUMMARIES\PRAGMATIC-PROGRAMMER-TASKS\DRAW-LANG\DRAWLANG\DEBUG\DRAWLANG.PDB
D:\BOOKS\notes-summaries\pragmatic-programmer-tasks\draw-lang\DrawLang\DrawLang\Debug\Main.obj
D:\BOOKS\notes-summaries\pragmatic-programmer-tasks\draw-lang\DrawLang\DrawLang\Debug\Plotter.obj
D:\BOOKS\notes-summaries\pragmatic-programmer-tasks\draw-lang\DrawLang\DrawLang\Debug\Utils.obj
D:\BOOKS\notes-summaries\pragmatic-programmer-tasks\draw-lang\DrawLang\DrawLang\Debug\cl.command.1.tlog
D:\BOOKS\notes-summaries\pragmatic-programmer-tasks\draw-lang\DrawLang\DrawLang\Debug\CL.read.1.tlog
D:\BOOKS\notes-summaries\pragmatic-programmer-tasks\draw-lang\DrawLang\DrawLang\Debug\CL.write.1.tlog
D:\BOOKS\notes-summaries\pragmatic-programmer-tasks\draw-lang\DrawLang\DrawLang\Debug\link-cvtres.read.1.tlog
D:\BOOKS\notes-summaries\pragmatic-programmer-tasks\draw-lang\DrawLang\DrawLang\Debug\link-cvtres.write.1.tlog
D:\BOOKS\notes-summaries\pragmatic-programmer-tasks\draw-lang\DrawLang\DrawLang\Debug\link-rc.read.1.tlog
D:\BOOKS\notes-summaries\pragmatic-programmer-tasks\draw-lang\DrawLang\DrawLang\Debug\link-rc.write.1.tlog
D:\BOOKS\notes-summaries\pragmatic-programmer-tasks\draw-lang\DrawLang\DrawLang\Debug\link.1304-cvtres.read.1.tlog
D:\BOOKS\notes-summaries\pragmatic-programmer-tasks\draw-lang\DrawLang\DrawLang\Debug\link.1304-cvtres.write.1.tlog
D:\BOOKS\notes-summaries\pragmatic-programmer-tasks\draw-lang\DrawLang\DrawLang\Debug\link.1304-rc.read.1.tlog
D:\BOOKS\notes-summaries\pragmatic-programmer-tasks\draw-lang\DrawLang\DrawLang\Debug\link.1304-rc.write.1.tlog
D:\BOOKS\notes-summaries\pragmatic-programmer-tasks\draw-lang\DrawLang\DrawLang\Debug\link.1304.read.1.tlog
D:\BOOKS\notes-summaries\pragmatic-programmer-tasks\draw-lang\DrawLang\DrawLang\Debug\link.1304.write.1.tlog
D:\BOOKS\notes-summaries\pragmatic-programmer-tasks\draw-lang\DrawLang\DrawLang\Debug\link.1680-cvtres.read.1.tlog
D:\BOOKS\notes-summaries\pragmatic-programmer-tasks\draw-lang\DrawLang\DrawLang\Debug\link.1680-cvtres.write.1.tlog
D:\BOOKS\notes-summaries\pragmatic-programmer-tasks\draw-lang\DrawLang\DrawLang\Debug\link.1680-rc.read.1.tlog
D:\BOOKS\notes-summaries\pragmatic-programmer-tasks\draw-lang\DrawLang\DrawLang\Debug\link.1680-rc.write.1.tlog
D:\BOOKS\notes-summaries\pragmatic-programmer-tasks\draw-lang\DrawLang\DrawLang\Debug\link.1680.read.1.tlog
D:\BOOKS\notes-summaries\pragmatic-programmer-tasks\draw-lang\DrawLang\DrawLang\Debug\link.1680.write.1.tlog
D:\BOOKS\notes-summaries\pragmatic-programmer-tasks\draw-lang\DrawLang\DrawLang\Debug\link.1684-cvtres.read.1.tlog
D:\BOOKS\notes-summaries\pragmatic-programmer-tasks\draw-lang\DrawLang\DrawLang\Debug\link.1684-cvtres.write.1.tlog
D:\BOOKS\notes-summaries\pragmatic-programmer-tasks\draw-lang\DrawLang\DrawLang\Debug\link.1684-rc.read.1.tlog
D:\BOOKS\notes-summaries\pragmatic-programmer-tasks\draw-lang\DrawLang\DrawLang\Debug\link.1684-rc.write.1.tlog
D:\BOOKS\notes-summaries\pragmatic-programmer-tasks\draw-lang\DrawLang\DrawLang\Debug\link.1684.read.1.tlog
D:\BOOKS\notes-summaries\pragmatic-programmer-tasks\draw-lang\DrawLang\DrawLang\Debug\link.1684.write.1.tlog
D:\BOOKS\notes-summaries\pragmatic-programmer-tasks\draw-lang\DrawLang\DrawLang\Debug\link.2948-cvtres.read.1.tlog
D:\BOOKS\notes-summaries\pragmatic-programmer-tasks\draw-lang\DrawLang\DrawLang\Debug\link.2948-cvtres.write.1.tlog
D:\BOOKS\notes-summaries\pragmatic-programmer-tasks\draw-lang\DrawLang\DrawLang\Debug\link.2948-rc.read.1.tlog
D:\BOOKS\notes-summaries\pragmatic-programmer-tasks\draw-lang\DrawLang\DrawLang\Debug\link.2948-rc.write.1.tlog
D:\BOOKS\notes-summaries\pragmatic-programmer-tasks\draw-lang\DrawLang\DrawLang\Debug\link.2948.read.1.tlog
D:\BOOKS\notes-summaries\pragmatic-programmer-tasks\draw-lang\DrawLang\DrawLang\Debug\link.2948.write.1.tlog
D:\BOOKS\notes-summaries\pragmatic-programmer-tasks\draw-lang\DrawLang\DrawLang\Debug\link.3432-cvtres.read.1.tlog
D:\BOOKS\notes-summaries\pragmatic-programmer-tasks\draw-lang\DrawLang\DrawLang\Debug\link.3432-cvtres.write.1.tlog
D:\BOOKS\notes-summaries\pragmatic-programmer-tasks\draw-lang\DrawLang\DrawLang\Debug\link.3432-rc.read.1.tlog
D:\BOOKS\notes-summaries\pragmatic-programmer-tasks\draw-lang\DrawLang\DrawLang\Debug\link.3432-rc.write.1.tlog
D:\BOOKS\notes-summaries\pragmatic-programmer-tasks\draw-lang\DrawLang\DrawLang\Debug\link.3432.read.1.tlog
D:\BOOKS\notes-summaries\pragmatic-programmer-tasks\draw-lang\DrawLang\DrawLang\Debug\link.3432.write.1.tlog
D:\BOOKS\notes-summaries\pragmatic-programmer-tasks\draw-lang\DrawLang\DrawLang\Debug\link.4416-cvtres.read.1.tlog
D:\BOOKS\notes-summaries\pragmatic-programmer-tasks\draw-lang\DrawLang\DrawLang\Debug\link.4416-cvtres.write.1.tlog
D:\BOOKS\notes-summaries\pragmatic-programmer-tasks\draw-lang\DrawLang\DrawLang\Debug\link.4416-rc.read.1.tlog
D:\BOOKS\notes-summaries\pragmatic-programmer-tasks\draw-lang\DrawLang\DrawLang\Debug\link.4416-rc.write.1.tlog
D:\BOOKS\notes-summaries\pragmatic-programmer-tasks\draw-lang\DrawLang\DrawLang\Debug\link.4416.read.1.tlog
D:\BOOKS\notes-summaries\pragmatic-programmer-tasks\draw-lang\DrawLang\DrawLang\Debug\link.4416.write.1.tlog
D:\BOOKS\notes-summaries\pragmatic-programmer-tasks\draw-lang\DrawLang\DrawLang\Debug\link.4448-cvtres.read.1.tlog
D:\BOOKS\notes-summaries\pragmatic-programmer-tasks\draw-lang\DrawLang\DrawLang\Debug\link.4448-cvtres.write.1.tlog
D:\BOOKS\notes-summaries\pragmatic-programmer-tasks\draw-lang\DrawLang\DrawLang\Debug\link.4448-rc.read.1.tlog
D:\BOOKS\notes-summaries\pragmatic-programmer-tasks\draw-lang\DrawLang\DrawLang\Debug\link.4448-rc.write.1.tlog
D:\BOOKS\notes-summaries\pragmatic-programmer-tasks\draw-lang\DrawLang\DrawLang\Debug\link.4448.read.1.tlog
D:\BOOKS\notes-summaries\pragmatic-programmer-tasks\draw-lang\DrawLang\DrawLang\Debug\link.4448.write.1.tlog
D:\BOOKS\notes-summaries\pragmatic-programmer-tasks\draw-lang\DrawLang\DrawLang\Debug\link.5620-cvtres.read.1.tlog
D:\BOOKS\notes-summaries\pragmatic-programmer-tasks\draw-lang\DrawLang\DrawLang\Debug\link.5620-cvtres.write.1.tlog
D:\BOOKS\notes-summaries\pragmatic-programmer-tasks\draw-lang\DrawLang\DrawLang\Debug\link.5620-rc.read.1.tlog
D:\BOOKS\notes-summaries\pragmatic-programmer-tasks\draw-lang\DrawLang\DrawLang\Debug\link.5620-rc.write.1.tlog
D:\BOOKS\notes-summaries\pragmatic-programmer-tasks\draw-lang\DrawLang\DrawLang\Debug\link.5620.read.1.tlog
D:\BOOKS\notes-summaries\pragmatic-programmer-tasks\draw-lang\DrawLang\DrawLang\Debug\link.5620.write.1.tlog
D:\BOOKS\notes-summaries\pragmatic-programmer-tasks\draw-lang\DrawLang\DrawLang\Debug\link.6084-cvtres.read.1.tlog
D:\BOOKS\notes-summaries\pragmatic-programmer-tasks\draw-lang\DrawLang\DrawLang\Debug\link.6084-cvtres.write.1.tlog
D:\BOOKS\notes-summaries\pragmatic-programmer-tasks\draw-lang\DrawLang\DrawLang\Debug\link.6084-rc.read.1.tlog
D:\BOOKS\notes-summaries\pragmatic-programmer-tasks\draw-lang\DrawLang\DrawLang\Debug\link.6084-rc.write.1.tlog
D:\BOOKS\notes-summaries\pragmatic-programmer-tasks\draw-lang\DrawLang\DrawLang\Debug\link.6084.read.1.tlog
D:\BOOKS\notes-summaries\pragmatic-programmer-tasks\draw-lang\DrawLang\DrawLang\Debug\link.6084.write.1.tlog
D:\BOOKS\notes-summaries\pragmatic-programmer-tasks\draw-lang\DrawLang\DrawLang\Debug\link.6416-cvtres.read.1.tlog
D:\BOOKS\notes-summaries\pragmatic-programmer-tasks\draw-lang\DrawLang\DrawLang\Debug\link.6416-cvtres.write.1.tlog
D:\BOOKS\notes-summaries\pragmatic-programmer-tasks\draw-lang\DrawLang\DrawLang\Debug\link.6416-rc.read.1.tlog
D:\BOOKS\notes-summaries\pragmatic-programmer-tasks\draw-lang\DrawLang\DrawLang\Debug\link.6416-rc.write.1.tlog
D:\BOOKS\notes-summaries\pragmatic-programmer-tasks\draw-lang\DrawLang\DrawLang\Debug\link.6416.read.1.tlog
D:\BOOKS\notes-summaries\pragmatic-programmer-tasks\draw-lang\DrawLang\DrawLang\Debug\link.6416.write.1.tlog
D:\BOOKS\notes-summaries\pragmatic-programmer-tasks\draw-lang\DrawLang\DrawLang\Debug\link.7004-cvtres.read.1.tlog
D:\BOOKS\notes-summaries\pragmatic-programmer-tasks\draw-lang\DrawLang\DrawLang\Debug\link.7004-cvtres.write.1.tlog
D:\BOOKS\notes-summaries\pragmatic-programmer-tasks\draw-lang\DrawLang\DrawLang\Debug\link.7004-rc.read.1.tlog
D:\BOOKS\notes-summaries\pragmatic-programmer-tasks\draw-lang\DrawLang\DrawLang\Debug\link.7004-rc.write.1.tlog
D:\BOOKS\notes-summaries\pragmatic-programmer-tasks\draw-lang\DrawLang\DrawLang\Debug\link.7004.read.1.tlog
D:\BOOKS\notes-summaries\pragmatic-programmer-tasks\draw-lang\DrawLang\DrawLang\Debug\link.7004.write.1.tlog
D:\BOOKS\notes-summaries\pragmatic-programmer-tasks\draw-lang\DrawLang\DrawLang\Debug\link.7200-cvtres.read.1.tlog
D:\BOOKS\notes-summaries\pragmatic-programmer-tasks\draw-lang\DrawLang\DrawLang\Debug\link.7200-cvtres.write.1.tlog
D:\BOOKS\notes-summaries\pragmatic-programmer-tasks\draw-lang\DrawLang\DrawLang\Debug\link.7200-rc.read.1.tlog
D:\BOOKS\notes-summaries\pragmatic-programmer-tasks\draw-lang\DrawLang\DrawLang\Debug\link.7200-rc.write.1.tlog
D:\BOOKS\notes-summaries\pragmatic-programmer-tasks\draw-lang\DrawLang\DrawLang\Debug\link.7200.read.1.tlog
D:\BOOKS\notes-summaries\pragmatic-programmer-tasks\draw-lang\DrawLang\DrawLang\Debug\link.7200.write.1.tlog
D:\BOOKS\notes-summaries\pragmatic-programmer-tasks\draw-lang\DrawLang\DrawLang\Debug\link.924-cvtres.read.1.tlog
D:\BOOKS\notes-summaries\pragmatic-programmer-tasks\draw-lang\DrawLang\DrawLang\Debug\link.924-cvtres.write.1.tlog
D:\BOOKS\notes-summaries\pragmatic-programmer-tasks\draw-lang\DrawLang\DrawLang\Debug\link.924-rc.read.1.tlog
D:\BOOKS\notes-summaries\pragmatic-programmer-tasks\draw-lang\DrawLang\DrawLang\Debug\link.924-rc.write.1.tlog
D:\BOOKS\notes-summaries\pragmatic-programmer-tasks\draw-lang\DrawLang\DrawLang\Debug\link.924.read.1.tlog
D:\BOOKS\notes-summaries\pragmatic-programmer-tasks\draw-lang\DrawLang\DrawLang\Debug\link.924.write.1.tlog
D:\BOOKS\notes-summaries\pragmatic-programmer-tasks\draw-lang\DrawLang\DrawLang\Debug\link.command.1.tlog
D:\BOOKS\notes-summaries\pragmatic-programmer-tasks\draw-lang\DrawLang\DrawLang\Debug\link.read.1.tlog
D:\BOOKS\notes-summaries\pragmatic-programmer-tasks\draw-lang\DrawLang\DrawLang\Debug\link.write.1.tlog
D:\BOOKS\notes-summaries\pragmatic-programmer-tasks\draw-lang\DrawLang\DrawLang\Debug\vc110.idb
D:\BOOKS\notes-summaries\pragmatic-programmer-tasks\draw-lang\DrawLang\DrawLang\Debug\vc110.pdb
D:\BOOKS\notes-summaries\pragmatic-programmer-tasks\draw-lang\DrawLang\Debug\DrawLang.pdb
D:\BOOKS\notes-summaries\pragmatic-programmer-tasks\draw-lang\DrawLang\Debug\DrawLang.exe
D:\BOOKS\notes-summaries\pragmatic-programmer-tasks\draw-lang\DrawLang\Debug\DrawLang.ilk
